[    0.000000] Linux version 4.15.0-187-generic (buildd@lcy02-amd64-046) (gcc version 7.5.0 (Ubuntu 7.5.0-3ubuntu1~18.04)) #198-Ubuntu SMP Tue Jun 14 03:23:51 UTC 2022 (Ubuntu 4.15.0-187.198-generic 4.15.18)
[    0.000000] Command line: BOOT_IMAGE=/boot/vmlinuz-4.15.0-187-generic root=LABEL=cloudimg-rootfs ro console=tty1 console=ttyS0
[    0.000000] KERNEL supported cpus:
[    0.000000]   Intel GenuineIntel
[    0.000000]   AMD AuthenticAMD
[    0.000000]   Centaur CentaurHauls
[    0.000000] x86/fpu: Supporting XSAVE feature 0x001: 'x87 floating point registers'
[    0.000000] x86/fpu: Supporting XSAVE feature 0x002: 'SSE registers'
[    0.000000] x86/fpu: Supporting XSAVE feature 0x004: 'AVX registers'
[    0.000000] x86/fpu: xstate_offset[2]:  576, xstate_sizes[2]:  256
[    0.000000] x86/fpu: Enabled xstate features 0x7, context size is 832 bytes, using 'standard' format.
[    0.000000] e820: BIOS-provided physical RAM map:
[    0.000000] BIOS-e820: [mem 0x0000000000000000-0x000000000009fbff] usable
[    0.000000] BIOS-e820: [mem 0x000000000009fc00-0x000000000009ffff] reserved
[    0.000000] BIOS-e820: [mem 0x00000000000f0000-0x00000000000fffff] reserved
[    0.000000] BIOS-e820: [mem 0x0000000000100000-0x000000003ffeffff] usable
[    0.000000] BIOS-e820: [mem 0x000000003fff0000-0x000000003fffffff] ACPI data
[    0.000000] BIOS-e820: [mem 0x00000000fec00000-0x00000000fec00fff] reserved
[    0.000000] BIOS-e820: [mem 0x00000000fee00000-0x00000000fee00fff] reserved
[    0.000000] BIOS-e820: [mem 0x00000000fffc0000-0x00000000ffffffff] reserved
[    0.000000] NX (Execute Disable) protection: active
[    0.000000] SMBIOS 2.5 present.
[    0.000000] DMI: innotek GmbH VirtualBox/VirtualBox, BIOS VirtualBox 12/01/2006
[    0.000000] Hypervisor detected: KVM
[    0.000000] e820: last_pfn = 0x3fff0 max_arch_pfn = 0x400000000
[    0.000000] MTRR: Disabled
[    0.000000] x86/PAT: MTRRs disabled, skipping PAT initialization too.
[    0.000000] CPU MTRRs all blank - virtualized system.
[    0.000000] x86/PAT: Configuration [0-7]: WB  WT  UC- UC  WB  WT  UC- UC  
[    0.000000] found SMP MP-table at [mem 0x0009fff0-0x0009ffff]
[    0.000000] Scanning 1 areas for low memory corruption
[    0.000000] RAMDISK: [mem 0x359c9000-0x36cdbfff]
[    0.000000] ACPI: Early table checksum verification disabled
[    0.000000] ACPI: RSDP 0x00000000000E0000 000024 (v02 VBOX  )
[    0.000000] ACPI: XSDT 0x000000003FFF0030 00003C (v01 VBOX   VBOXXSDT 00000001 ASL  00000061)
[    0.000000] ACPI: FACP 0x000000003FFF00F0 0000F4 (v04 VBOX   VBOXFACP 00000001 ASL  00000061)
[    0.000000] ACPI: DSDT 0x000000003FFF0470 002325 (v02 VBOX   VBOXBIOS 00000002 INTL 20100528)
[    0.000000] ACPI: FACS 0x000000003FFF0200 000040
[    0.000000] ACPI: FACS 0x000000003FFF0200 000040
[    0.000000] ACPI: APIC 0x000000003FFF0240 00005C (v02 VBOX   VBOXAPIC 00000001 ASL  00000061)
[    0.000000] ACPI: SSDT 0x000000003FFF02A0 0001CC (v01 VBOX   VBOXCPUT 00000002 INTL 20100528)
[    0.000000] ACPI: Reserving FACP table memory at [mem 0x3fff00f0-0x3fff01e3]
[    0.000000] ACPI: Reserving DSDT table memory at [mem 0x3fff0470-0x3fff2794]
[    0.000000] ACPI: Reserving FACS table memory at [mem 0x3fff0200-0x3fff023f]
[    0.000000] ACPI: Reserving FACS table memory at [mem 0x3fff0200-0x3fff023f]
[    0.000000] ACPI: Reserving APIC table memory at [mem 0x3fff0240-0x3fff029b]
[    0.000000] ACPI: Reserving SSDT table memory at [mem 0x3fff02a0-0x3fff046b]
[    0.000000] No NUMA configuration found
[    0.000000] Faking a node at [mem 0x0000000000000000-0x000000003ffeffff]
[    0.000000] NODE_DATA(0) allocated [mem 0x3ffc5000-0x3ffeffff]
[    0.000000] kvm-clock: cpu 0, msr 0:3ff44001, primary cpu clock
[    0.000000] kvm-clock: Using msrs 4b564d01 and 4b564d00
[    0.000000] kvm-clock: using sched offset of 3913620632 cycles
[    0.000000] clocksource: kvm-clock: mask: 0xffffffffffffffff max_cycles: 0x1cd42e4dffb, max_idle_ns: 881590591483 ns
[    0.000000] Zone ranges:
[    0.000000]   DMA      [mem 0x0000000000001000-0x0000000000ffffff]
[    0.000000]   DMA32    [mem 0x0000000001000000-0x000000003ffeffff]
[    0.000000]   Normal   empty
[    0.000000]   Device   empty
[    0.000000] Movable zone start for each node
[    0.000000] Early memory node ranges
[    0.000000]   node   0: [mem 0x0000000000001000-0x000000000009efff]
[    0.000000]   node   0: [mem 0x0000000000100000-0x000000003ffeffff]
[    0.000000] Reserved but unavailable: 104 pages
[    0.000000] Initmem setup node 0 [mem 0x0000000000001000-0x000000003ffeffff]
[    0.000000] ACPI: PM-Timer IO Port: 0x4008
[    0.000000] IOAPIC[0]: apic_id 2, version 32, address 0xfec00000, GSI 0-23
[    0.000000] ACPI: INT_SRC_OVR (bus 0 bus_irq 0 global_irq 2 dfl dfl)
[    0.000000] ACPI: INT_SRC_OVR (bus 0 bus_irq 9 global_irq 9 low level)
[    0.000000] Using ACPI (MADT) for SMP configuration information
[    0.000000] smpboot: Allowing 2 CPUs, 0 hotplug CPUs
[    0.000000] PM: Registered nosave memory: [mem 0x00000000-0x00000fff]
[    0.000000] PM: Registered nosave memory: [mem 0x0009f000-0x0009ffff]
[    0.000000] PM: Registered nosave memory: [mem 0x000a0000-0x000effff]
[    0.000000] PM: Registered nosave memory: [mem 0x000f0000-0x000fffff]
[    0.000000] e820: [mem 0x40000000-0xfebfffff] available for PCI devices
[    0.000000] Booting paravirtualized kernel on KVM
[    0.000000] clocksource: refined-jiffies: mask: 0xffffffff max_cycles: 0xffffffff, max_idle_ns: 7645519600211568 ns
[    0.000000] random: get_random_bytes called from start_kernel+0x99/0x500 with crng_init=0
[    0.000000] setup_percpu: NR_CPUS:8192 nr_cpumask_bits:2 nr_cpu_ids:2 nr_node_ids:1
[    0.000000] percpu: Embedded 50 pages/cpu s167936 r8192 d28672 u1048576
[    0.000000] PV qspinlock hash table entries: 256 (order: 0, 4096 bytes)
[    0.000000] Built 1 zonelists, mobility grouping on.  Total pages: 257913
[    0.000000] Policy zone: DMA32
[    0.000000] Kernel command line: BOOT_IMAGE=/boot/vmlinuz-4.15.0-187-generic root=LABEL=cloudimg-rootfs ro console=tty1 console=ttyS0
[    0.000000] Memory: 982644K/1048120K available (12300K kernel code, 2484K rwdata, 4324K rodata, 2468K init, 2724K bss, 65476K reserved, 0K cma-reserved)
[    0.000000] SLUB: HWalign=64, Order=0-3, MinObjects=0, CPUs=2, Nodes=1
[    0.000000] ftrace: allocating 39513 entries in 155 pages
[    0.004000] Hierarchical RCU implementation.
[    0.004000] 	RCU restricting CPUs from NR_CPUS=8192 to nr_cpu_ids=2.
[    0.004000] 	Tasks RCU enabled.
[    0.004000] RCU: Adjusting geometry for rcu_fanout_leaf=16, nr_cpu_ids=2
[    0.004000] NR_IRQS: 524544, nr_irqs: 440, preallocated irqs: 16
[    0.004000] Console: colour VGA+ 80x25
[    0.004000] console [tty1] enabled
[    0.004000] console [ttyS0] enabled
[    0.004000] ACPI: Core revision 20170831
[    0.004000] ACPI: 2 ACPI AML tables successfully acquired and loaded
[    0.004000] APIC: Switch to symmetric I/O mode setup
[    0.004000] x2apic enabled
[    0.004000] Switched APIC routing to physical x2apic.
[    0.004000] ..TIMER: vector=0x30 apic1=0 pin1=2 apic2=-1 pin2=-1
[    0.004007] tsc: Detected 1800.001 MHz processor
[    0.004958] Calibrating delay loop (skipped) preset value.. 3600.00 BogoMIPS (lpj=7200004)
[    0.008009] pid_max: default: 32768 minimum: 301
[    0.008990] Security Framework initialized
[    0.009852] Yama: becoming mindful.
[    0.010604] AppArmor: AppArmor initialized
[    0.016035] Dentry cache hash table entries: 131072 (order: 8, 1048576 bytes)
[    0.017986] Inode-cache hash table entries: 65536 (order: 7, 524288 bytes)
[    0.020031] Mount-cache hash table entries: 2048 (order: 2, 16384 bytes)
[    0.021333] Mountpoint-cache hash table entries: 2048 (order: 2, 16384 bytes)
[    0.024280] Last level iTLB entries: 4KB 64, 2MB 8, 4MB 8
[    0.025323] Last level dTLB entries: 4KB 64, 2MB 0, 4MB 0, 1GB 4
[    0.026581] Spectre V1 : Mitigation: usercopy/swapgs barriers and __user pointer sanitization
[    0.028000] Spectre V2 : Mitigation: Retpolines
[    0.028006] Spectre V2 : Spectre v2 / SpectreRSB mitigation: Filling RSB on context switch
[    0.029702] Speculative Store Bypass: Vulnerable
[    0.030715] MMIO Stale Data: Vulnerable: Clear CPU buffers attempted, no microcode
[    0.032011] SRBDS: Unknown: Dependent on hypervisor status
[    0.033519] Freeing SMP alternatives memory: 36K
[    0.146818] smpboot: CPU0: Intel(R) Core(TM) i5-8265U CPU @ 1.60GHz (family: 0x6, model: 0x8e, stepping: 0xc)
[    0.148000] Performance Events: unsupported p6 CPU model 142 no PMU driver, software events only.
[    0.148088] Hierarchical SRCU implementation.
[    0.152038] NMI watchdog: Perf event create on CPU 0 failed with -2
[    0.153675] NMI watchdog: Perf NMI watchdog permanently disabled
[    0.155308] smp: Bringing up secondary CPUs ...
[    0.156132] x86: Booting SMP configuration:
[    0.157270] .... node  #0, CPUs:      #1
[    0.004000] kvm-clock: cpu 1, msr 0:3ff44041, secondary cpu clock
[    0.160027] smp: Brought up 1 node, 2 CPUs
[    0.161078] smpboot: Max logical packages: 1
[    0.164011] smpboot: Total of 2 processors activated (7200.00 BogoMIPS)
[    0.166494] devtmpfs: initialized
[    0.166494] x86/mm: Memory block size: 128MB
[    0.168161] evm: security.selinux
[    0.169061] evm: security.SMACK64
[    0.169996] evm: security.SMACK64EXEC
[    0.172009] evm: security.SMACK64TRANSMUTE
[    0.173078] evm: security.SMACK64MMAP
[    0.173849] evm: security.apparmor
[    0.174645] evm: security.ima
[    0.176007] evm: security.capability
[    0.176963] clocksource: jiffies: mask: 0xffffffff max_cycles: 0xffffffff, max_idle_ns: 7645041785100000 ns
[    0.178079] futex hash table entries: 512 (order: 3, 32768 bytes)
[    0.180092] pinctrl core: initialized pinctrl subsystem
[    0.184148] RTC time: 15:04:25, date: 07/09/22
[    0.188227] NET: Registered protocol family 16
[    0.189500] audit: initializing netlink subsys (disabled)
[    0.191135] audit: type=2000 audit(1657379070.442:1): state=initialized audit_enabled=0 res=1
[    0.192017] cpuidle: using governor ladder
[    0.193158] cpuidle: using governor menu
[    0.194369] ACPI: bus type PCI registered
[    0.196009] acpiphp: ACPI Hot Plug PCI Controller Driver version: 0.5
[    0.197836] PCI: Using configuration type 1 for base access
[    0.201108] HugeTLB registered 2.00 MiB page size, pre-allocated 0 pages
[    0.204084] ACPI: Added _OSI(Module Device)
[    0.205162] ACPI: Added _OSI(Processor Device)
[    0.206634] ACPI: Added _OSI(3.0 _SCP Extensions)
[    0.208025] ACPI: Added _OSI(Processor Aggregator Device)
[    0.209707] ACPI: Added _OSI(Linux-Dell-Video)
[    0.211008] ACPI: Added _OSI(Linux-Lenovo-NV-HDMI-Audio)
[    0.212039] ACPI: Added _OSI(Linux-HPI-Hybrid-Graphics)
[    0.213856] ACPI: Executed 1 blocks of module-level executable AML code
[    0.220359] ACPI: Interpreter enabled
[    0.221316] ACPI: (supports S0 S5)
[    0.222192] ACPI: Using IOAPIC for interrupt routing
[    0.223734] PCI: Using host bridge windows from ACPI; if necessary, use "pci=nocrs" and report a bug
[    0.224294] ACPI: Enabled 2 GPEs in block 00 to 07
[    0.236205] ACPI: PCI Root Bridge [PCI0] (domain 0000 [bus 00-ff])
[    0.237705] acpi PNP0A03:00: _OSC: OS supports [ASPM ClockPM Segments MSI]
[    0.239911] acpi PNP0A03:00: _OSC: not requesting OS control; OS requires [ExtendedConfig ASPM ClockPM MSI]
[    0.240030] acpi PNP0A03:00: fail to add MMCONFIG information, can't access extended PCI configuration space under this bridge.
[    0.244525] PCI host bridge to bus 0000:00
[    0.245552] pci_bus 0000:00: root bus resource [io  0x0000-0x0cf7 window]
[    0.248016] pci_bus 0000:00: root bus resource [io  0x0d00-0xffff window]
[    0.250593] pci_bus 0000:00: root bus resource [mem 0x000a0000-0x000bffff window]
[    0.252016] pci_bus 0000:00: root bus resource [mem 0x40000000-0xfdffffff window]
[    0.254102] pci_bus 0000:00: root bus resource [bus 00-ff]
[    0.260664] pci 0000:00:01.1: legacy IDE quirk: reg 0x10: [io  0x01f0-0x01f7]
[    0.263075] pci 0000:00:01.1: legacy IDE quirk: reg 0x14: [io  0x03f6]
[    0.264020] pci 0000:00:01.1: legacy IDE quirk: reg 0x18: [io  0x0170-0x0177]
[    0.265916] pci 0000:00:01.1: legacy IDE quirk: reg 0x1c: [io  0x0376]
[    0.294243] pci 0000:00:07.0: quirk: [io  0x4000-0x403f] claimed by PIIX4 ACPI
[    0.296000] pci 0000:00:07.0: quirk: [io  0x4100-0x410f] claimed by PIIX4 SMB
[    0.306938] ACPI: PCI Interrupt Link [LNKA] (IRQs 5 9 10 *11)
[    0.308381] ACPI: PCI Interrupt Link [LNKB] (IRQs 5 9 *10 11)
[    0.310012] ACPI: PCI Interrupt Link [LNKC] (IRQs 5 *9 10 11)
[    0.312180] ACPI: PCI Interrupt Link [LNKD] (IRQs 5 9 10 *11)
[    0.314036] SCSI subsystem initialized
[    0.315193] pci 0000:00:02.0: vgaarb: setting as boot VGA device
[    0.315193] pci 0000:00:02.0: vgaarb: VGA device added: decodes=io+mem,owns=io+mem,locks=none
[    0.316026] pci 0000:00:02.0: vgaarb: bridge control possible
[    0.317633] vgaarb: loaded
[    0.318513] ACPI: bus type USB registered
[    0.320062] usbcore: registered new interface driver usbfs
[    0.321609] usbcore: registered new interface driver hub
[    0.323081] usbcore: registered new device driver usb
[    0.324118] EDAC MC: Ver: 3.0.0
[    0.325447] PCI: Using ACPI for IRQ routing
[    0.328245] NetLabel: Initializing
[    0.329268] NetLabel:  domain hash size = 128
[    0.330513] NetLabel:  protocols = UNLABELED CIPSOv4 CALIPSO
[    0.332000] NetLabel:  unlabeled traffic allowed by default
[    0.332115] clocksource: Switched to clocksource kvm-clock
[    0.362967] VFS: Disk quotas dquot_6.6.0
[    0.364093] VFS: Dquot-cache hash table entries: 512 (order 0, 4096 bytes)
[    0.365932] AppArmor: AppArmor Filesystem Enabled
[    0.367195] pnp: PnP ACPI init
[    0.369285] pnp: PnP ACPI: found 3 devices
[    0.383126] clocksource: acpi_pm: mask: 0xffffff max_cycles: 0xffffff, max_idle_ns: 2085701024 ns
[    0.385814] NET: Registered protocol family 2
[    0.387157] IP idents hash table entries: 16384 (order: 5, 131072 bytes)
[    0.394716] TCP established hash table entries: 8192 (order: 4, 65536 bytes)
[    0.396810] TCP bind hash table entries: 8192 (order: 5, 131072 bytes)
[    0.398715] TCP: Hash tables configured (established 8192 bind 8192)
[    0.400617] UDP hash table entries: 512 (order: 2, 16384 bytes)
[    0.402802] UDP-Lite hash table entries: 512 (order: 2, 16384 bytes)
[    0.404804] NET: Registered protocol family 1
[    0.406139] pci 0000:00:00.0: Limiting direct PCI/PCI transfers
[    0.408595] pci 0000:00:01.0: Activating ISA DMA hang workarounds
[    0.410622] pci 0000:00:02.0: Video device with shadowed ROM at [mem 0x000c0000-0x000dffff]
[    0.413196] Unpacking initramfs...
[    0.961117] Freeing initrd memory: 19532K
[    0.962554] clocksource: tsc: mask: 0xffffffffffffffff max_cycles: 0x19f22aa45f0, max_idle_ns: 440795269146 ns
[    0.964683] platform rtc_cmos: registered platform RTC device (no PNP device found)
[    0.966268] Scanning for low memory corruption every 60 seconds
[    0.968292] Initialise system trusted keyrings
[    0.969213] Key type blacklist registered
[    0.970173] workingset: timestamp_bits=36 max_order=18 bucket_order=0
[    0.972421] zbud: loaded
[    0.973589] squashfs: version 4.0 (2009/01/31) Phillip Lougher
[    0.975027] fuse init (API version 7.26)
[    0.978798] Key type asymmetric registered
[    0.980477] Asymmetric key parser 'x509' registered
[    0.981832] Block layer SCSI generic (bsg) driver version 0.4 loaded (major 246)
[    0.983959] io scheduler noop registered
[    0.985084] io scheduler deadline registered
[    0.986306] io scheduler cfq registered (default)
[    0.988152] ACPI: AC Adapter [AC] (on-line)
[    0.989621] input: Power Button as /devices/LNXSYSTM:00/LNXPWRBN:00/input/input0
[    0.991538] ACPI: Power Button [PWRF]
[    0.992778] input: Sleep Button as /devices/LNXSYSTM:00/LNXSLPBN:00/input/input1
[    0.994796] ACPI: Sleep Button [SLPF]
[    0.997041] ACPI: Battery Slot [BAT0] (battery present)
[    0.998363] Serial: 8250/16550 driver, 32 ports, IRQ sharing enabled
[    1.020524] 00:02: ttyS0 at I/O 0x3f8 (irq = 4, base_baud = 115200) is a 16550A
[    1.026430] Linux agpgart interface v0.103
[    1.029469] loop: module loaded
[    1.031218] scsi host0: ata_piix
[    1.032327] scsi host1: ata_piix
[    1.033328] ata1: PATA max UDMA/33 cmd 0x1f0 ctl 0x3f6 bmdma 0xd000 irq 14
[    1.034719] ata2: PATA max UDMA/33 cmd 0x170 ctl 0x376 bmdma 0xd008 irq 15
[    1.036286] tun: Universal TUN/TAP device driver, 1.6
[    1.037716] PPP generic driver version 2.4.2
[    1.038744] ehci_hcd: USB 2.0 'Enhanced' Host Controller (EHCI) Driver
[    1.040023] ehci-pci: EHCI PCI platform driver
[    1.041017] ehci-platform: EHCI generic platform driver
[    1.042104] ohci_hcd: USB 1.1 'Open' Host Controller (OHCI) Driver
[    1.043736] ohci-pci: OHCI PCI platform driver
[    1.045038] ohci-platform: OHCI generic platform driver
[    1.046492] uhci_hcd: USB Universal Host Controller Interface driver
[    1.048413] i8042: PNP: PS/2 Controller [PNP0303:PS2K,PNP0f03:PS2M] at 0x60,0x64 irq 1,12
[    1.051433] serio: i8042 KBD port at 0x60,0x64 irq 1
[    1.052852] serio: i8042 AUX port at 0x60,0x64 irq 12
[    1.054575] mousedev: PS/2 mouse device common for all mice
[    1.057296] rtc_cmos rtc_cmos: rtc core: registered rtc_cmos as rtc0
[    1.058803] input: AT Translated Set 2 keyboard as /devices/platform/i8042/serio0/input/input2
[    1.061117] rtc_cmos rtc_cmos: alarms up to one day, 114 bytes nvram
[    1.062834] i2c /dev entries driver
[    1.063947] device-mapper: uevent: version 1.0.3
[    1.065380] device-mapper: ioctl: 4.37.0-ioctl (2017-09-20) initialised: dm-devel@redhat.com
[    1.067845] ledtrig-cpu: registered to indicate activity on CPUs
[    1.070201] NET: Registered protocol family 10
[    1.075010] Segment Routing with IPv6
[    1.076340] NET: Registered protocol family 17
[    1.077582] Key type dns_resolver registered
[    1.079040] mce: Using 0 MCE banks
[    1.080070] RAS: Correctable Errors collector initialized.
[    1.081474] sched_clock: Marking stable (1081431675, 0)->(1288406624, -206974949)
[    1.083636] registered taskstats version 1
[    1.084755] Loading compiled-in X.509 certificates
[    1.088541] Loaded X.509 cert 'Build time autogenerated kernel key: 979a73de01c113c656ad15d85e66cc9cfc8996b6'
[    1.091541] Loaded X.509 cert 'Canonical Ltd. Live Patch Signing: 14df34d1a87cf37625abec039ef2bf521249b969'
[    1.094767] Loaded X.509 cert 'Canonical Ltd. Kernel Module Signing: 88f752e560a1e0737e31163a466ad7b70a850c19'
[    1.097274] blacklist: Loading compiled-in revocation X.509 certificates
[    1.099010] Loaded X.509 cert 'Canonical Ltd. Secure Boot Signing: 61482aa2830d0ab2ad5af10b7250da9033ddcef0'
[    1.101528] zswap: loaded using pool lzo/zbud
[    1.106116] Key type big_key registered
[    1.107097] Key type trusted registered
[    1.110518] Key type encrypted registered
[    1.111558] AppArmor: AppArmor sha1 policy hashing enabled
[    1.113109] ima: No TPM chip found, activating TPM-bypass! (rc=-19)
[    1.114712] ima: Allocated hash algorithm: sha1
[    1.115933] evm: HMAC attrs: 0x1
[    1.117147]   Magic number: 14:784:82
[    1.118038] rtc_cmos rtc_cmos: setting system clock to 2022-07-09 15:04:26 UTC (1657379066)
[    1.119879] BIOS EDD facility v0.16 2004-Jun-25, 0 devices found
[    1.121107] EDD information not available.
[    1.225126] Freeing unused kernel image memory: 2468K
[    1.236541] Write protecting the kernel read-only data: 20480k
[    1.239474] Freeing unused kernel image memory: 2008K
[    1.241235] Freeing unused kernel image memory: 1820K
[    1.254179] x86/mm: Checked W+X mappings: passed, no W+X pages found.
Loading, please wait...
starting version 237
[    1.335307] Fusion MPT base driver 3.04.20
[    1.337037] Copyright (c) 1999-2008 LSI Corporation
[    1.356302] e1000: Intel(R) PRO/1000 Network Driver - version 7.3.21-k8-NAPI
[    1.358116] e1000: Copyright (c) 1999-2006 Intel Corporation.
[    1.369059] AVX2 version of gcm_enc/dec engaged.
[    1.370588] AES CTR mode by8 optimization enabled
[    1.384866] Fusion MPT SPI Host driver 3.04.20
[    1.580436] input: ImExPS/2 Generic Explorer Mouse as /devices/platform/i8042/serio1/input/input4
[    1.878679] e1000 0000:00:03.0 eth0: (PCI:33MHz:32-bit) 02:77:ed:63:d5:e3
[    1.880979] e1000 0000:00:03.0 eth0: Intel(R) PRO/1000 Network Connection
[    1.883294] mptbase: ioc0: Initiating bringup
[    1.884193] e1000 0000:00:03.0 enp0s3: renamed from eth0
[    2.033022] ioc0: LSI53C1030 A0: Capabilities={Initiator}
[    4.904237] scsi host2: ioc0: LSI53C1030 A0, FwRev=00000000h, Ports=1, MaxQ=256, IRQ=20
[    6.969364] scsi 2:0:0:0: Direct-Access     VBOX     HARDDISK         1.0  PQ: 0 ANSI: 5
[    7.003725] scsi target2:0:0: Beginning Domain Validation
[    7.006737] scsi target2:0:0: Domain Validation skipping write tests
[    7.008374] scsi target2:0:0: Ending Domain Validation
[    7.010172] scsi target2:0:0: asynchronous
[    7.011924] scsi 2:0:1:0: Direct-Access     VBOX     HARDDISK         1.0  PQ: 0 ANSI: 5
[    8.176655] scsi target2:0:1: Beginning Domain Validation
[    8.179335] random: fast init done
[    8.180614] scsi target2:0:1: Domain Validation skipping write tests
[    8.182000] scsi target2:0:1: Ending Domain Validation
[    8.183337] scsi target2:0:1: asynchronous
[    8.189606] random: systemd-udevd: uninitialized urandom read (16 bytes read)
[    8.191489] random: systemd-udevd: uninitialized urandom read (16 bytes read)
[    8.192909] random: systemd-udevd: uninitialized urandom read (16 bytes read)
[    8.194632] sd 2:0:0:0: Attached scsi generic sg0 type 0
[    8.197325] sd 2:0:0:0: [sda] 83886080 512-byte logical blocks: (42.9 GB/40.0 GiB)
[    8.199568] sd 2:0:1:0: Attached scsi generic sg1 type 0
[    8.199585] sd 2:0:0:0: [sda] Write Protect is off
[    8.202150] sd 2:0:1:0: [sdb] 20480 512-byte logical blocks: (10.5 MB/10.0 MiB)
[    8.203541] sd 2:0:0:0: [sda] Incomplete mode parameter data
[    8.204650] sd 2:0:0:0: [sda] Assuming drive cache: write through
[    8.205784] sd 2:0:1:0: [sdb] Write Protect is off
[    8.207014] sd 2:0:1:0: [sdb] Incomplete mode parameter data
[    8.208276] sd 2:0:1:0: [sdb] Assuming drive cache: write through
[    8.222172]  sda: sda1
[    8.224237] sd 2:0:0:0: [sda] Attached SCSI disk
[    8.226329] sd 2:0:1:0: [sdb] Attached SCSI disk
Begin: Loading essential drivers ... [    9.772107] raid6: sse2x1   gen()  5616 MB/s
[    9.820126] raid6: sse2x1   xor()  3745 MB/s
[    9.868117] raid6: sse2x2   gen()  6794 MB/s
[    9.916111] raid6: sse2x2   xor()  7032 MB/s
[    9.964113] raid6: sse2x4   gen() 11282 MB/s
[   10.012108] raid6: sse2x4   xor()  4621 MB/s
[   10.060134] raid6: avx2x1   gen() 14035 MB/s
[   10.108079] raid6: avx2x1   xor()  8051 MB/s
[   10.156106] raid6: avx2x2   gen() 13186 MB/s
[   10.204115] raid6: avx2x2   xor()  9564 MB/s
[   10.252113] raid6: avx2x4   gen() 14072 MB/s
[   10.300110] raid6: avx2x4   xor()  9608 MB/s
[   10.301822] raid6: using algorithm avx2x4 gen() 14072 MB/s
[   10.303351] raid6: .... xor() 9608 MB/s, rmw enabled
[   10.304756] raid6: using avx2x2 recovery algorithm
[   10.307301] xor: automatically using best checksumming function   avx       
[   10.310511] async_tx: api initialized (async)
done.
Begin: Running /scripts/init-premount ... done.
Begin: Mounting root file system ... Begin: Running /scripts/local-top ... done.
Begin: Running /scripts/local-premount ... [   10.364465] Btrfs loaded, crc32c=crc32c-intel
Scanning for Btrfs filesystems
done.
Warning: fsck not present, so skipping root file system
[   10.411747] EXT4-fs (sda1): INFO: recovery required on readonly filesystem
[   10.414208] EXT4-fs (sda1): write access will be enabled during recovery
[   10.437082] EXT4-fs (sda1): recovery complete
[   10.438905] EXT4-fs (sda1): mounted filesystem with ordered data mode. Opts: (null)
done.
Begin: Running /scripts/local-bottom ... done.
Begin: Running /scripts/init-bottom ... done.
[   10.620180] ip_tables: (C) 2000-2006 Netfilter Core Team
[   10.632313] systemd[1]: systemd 237 running in system mode. (+PAM +AUDIT +SELINUX +IMA +APPARMOR +SMACK +SYSVINIT +UTMP +LIBCRYPTSETUP +GCRYPT +GNUTLS +ACL +XZ +LZ4 +SECCOMP +BLKID +ELFUTILS +KMOD -IDN2 +IDN -PCRE2 default-hierarchy=hybrid)
[   10.638878] systemd[1]: Detected virtualization oracle.
[   10.640469] systemd[1]: Detected architecture x86-64.

Welcome to [1mUbuntu 18.04.6 LTS[0m!

[   10.649263] systemd[1]: Set hostname to <ubuntu-bionic>.
[   10.972676] systemd[1]: Created slice System Slice.
[[0;32m  OK  [0m] Created slice System Slice.
[   10.974964] systemd[1]: Listening on LVM2 poll daemon socket.
[[0;32m  OK  [0m] Listening on LVM2 poll daemon socket.
[   10.977709] systemd[1]: Listening on Journal Socket.
[[0;32m  OK  [0m] Listening on Journal Socket.
[   10.981363] systemd[1]: Mounting Kernel Debug File System...
         Mounting Kernel Debug File System...
[   10.983478] systemd[1]: Listening on udev Kernel Socket.
[[0;32m  OK  [0m] Listening on udev Kernel Socket.
[   10.986552] systemd[1]: Reached target Swap.
[[0;32m  OK  [0m] Reached target Swap.
[[0;32m  OK  [0m] Reached target User and Group Name Lookups.
[[0;32m  OK  [0m] Listening on udev Control Socket.
         Starting udev Coldplug all Devices...
         Starting Load Kernel Modules...
[[0;32m  OK  [0m] Started Forward Password Requests to Wall Directory Watch.
         Mounting Huge Pages File System...
         Mounting POSIX Message Queue File System...
[[0;32m  OK  [0m] Listening on fsck to fsckd communication Socket.
[[0;32m  OK  [0m] Created slice system-serial\x2dgetty.slice.
         Starting Set the console keyboard layout...
[[0;32m  OK  [0m] Listening on Device-mapper event daemon FIFOs.
[[0;32m  OK  [0m] Listening on LVM2 metadata daemon socket.
         Starting Monitoring of LVM2 mirrors…ng dmeventd or progress polling...
[[0;32m  OK  [0m] Listening on Journal Socket (/dev/log).
[[0;32m  OK  [0m] Set up automount Arbitrary Executab…rmats File System Automount Point.
[   11.030892] Loading iSCSI transport class v2.0-870.
[[0;32m  OK  [0m] Listening on Network Service Netlink Socket.
         Starting File System Check on Root Device...
[[0;32m  OK  [0m] Listening on /dev/initctl Compatibility Named Pipe.
[   11.087846] iscsi: registered transport (tcp)
         Starting Create list of required st…ce nodes for the current kernel...
[[0;32m  OK  [0m] Created slice User and Session Slice.
[[0;32m  OK  [0m] Reached target Slices.
[[0;32m  OK  [0m] Reached target System Time Synchronized.
[[0;32m  OK  [0m] Listening on Syslog Socket.
[[0;32m  OK  [0m] Listening on Journal Audit Socket.
         Starting Journal Service...
         Starting Uncomplicated firewall...
[[0;32m  OK  [0m] Mounted Kernel Debug File System.
[[0;32m  OK  [0m] Mounted Huge Pages File System.
[[0;32m  OK  [0m] Mounted POSIX Message Queue File System.
[[0;32m  OK  [0m] Started File System Check Daemon to report status.
[[0;32m  OK  [0m] Started LVM2 metadata daemon.
[[0;32m  OK  [0m] Started Create list of required sta…vice nodes for the current kernel.
         Starting Create Static Device Nodes in /dev...
[   11.148572] iscsi: registered transport (iser)
[[0;32m  OK  [0m] Started Load Kernel Modules.
         Mounting Kernel Configuration File System...
         Starting Apply Kernel Variables...
         Mounting FUSE Control File System...
[[0;32m  OK  [0m] Started Uncomplicated firewall.
[[0;32m  OK  [0m] Mounted FUSE Control File System.
[[0;32m  OK  [0m] Mounted Kernel Configuration File System.
[[0;32m  OK  [0m] Started udev Coldplug all Devices.
[[0;32m  OK  [0m] Started Journal Service.
[[0;32m  OK  [0m] Started Create Static Device Nodes in /dev.
[[0;32m  OK  [0m] Started File System Check on Root Device.
         Starting Remount Root and Kernel File Systems...
[[0;32m  OK  [0m] Started Monitoring of LVM2 mirrors,…sing dmeventd or progress polling.
[[0;32m  OK  [0m] Started Apply Kernel Variables.
[[0;32m  OK  [0m] Started Remount Root and Kernel File Systems.
         Starting Load/Save Random Seed...
         Starting udev Kernel Device Manager...
         Starting Flush Journal to Persistent Storage...
[[0;32m  OK  [0m] Started Set the console keyboard layout.
[[0;32m  OK  [0m] Reached target Local File Systems (Pre).
[[0;32m  OK  [0m] Reached target Local File Systems.
         Starting ebtables ruleset management...
         Starting AppArmor initialization...
         Starting Tell Plymouth To Write Out Runtime Data...
         Starting Set console font and keymap...
[[0;32m  OK  [0m] Started udev Kernel Device Manager.
[[0;32m  OK  [0m] Started Load/Save Random Seed.
[[0;32m  OK  [0m] Started Dispatch Password Requests to Console Directory Watch.
[[0;32m  OK  [0m] Reached target Local Encrypted Volumes.
[[0;32m  OK  [0m] Started Tell Plymouth To Write Out Runtime Data.
[[0;32m  OK  [0m] Started Set console font and keymap.
[[0;32m  OK  [0m] Started ebtables ruleset management.
[[0;32m  OK  [0m] Started Flush Journal to Persistent Storage.
         Starting Create Volatile Files and Directories...
[[0;32m  OK  [0m] Started Create Volatile Files and Directories.
         Starting Update UTMP about System Boot/Shutdown...
[[0;32m  OK  [0m] Started Update UTMP about System Boot/Shutdown.
[[0;32m  OK  [0m] Started AppArmor initialization.
         Starting Load AppArmor profiles managed internally by snapd...
         Starting Initial cloud-init job (pre-networking)...
[[0;32m  OK  [0m] Started Load AppArmor profiles managed internally by snapd.
[[0;32m  OK  [0m] Found device /dev/ttyS0.
[[0;32m  OK  [0m] Listening on Load/Save RF Kill Switch Status /dev/rfkill Watch.
[   13.403342] cloud-init[525]: Cloud-init v. 22.2-0ubuntu1~18.04.2 running 'init-local' at Sat, 09 Jul 2022 15:04:38 +0000. Up 13.17 seconds.
[[0;32m  OK  [0m] Started Initial cloud-init job (pre-networking).
[[0;32m  OK  [0m] Reached target Network (Pre).
         Starting Network Service...
[[0;32m  OK  [0m] Started Network Service.
         Starting Network Name Resolution...
         Starting Wait for Network to be Configured...
[[0;32m  OK  [0m] Started Network Name Resolution.
[[0;32m  OK  [0m] Reached target Host and Network Name Lookups.
[[0;32m  OK  [0m] Reached target Network.
[[0;32m  OK  [0m] Started Wait for Network to be Configured.
         Starting Initial cloud-init job (metadata service crawler)...
[   15.613777] cloud-init[669]: Cloud-init v. 22.2-0ubuntu1~18.04.2 running 'init' at Sat, 09 Jul 2022 15:04:40 +0000. Up 15.40 seconds.
[   15.615775] cloud-init[669]: ci-info: ++++++++++++++++++++++++++++++++++++++Net device info++++++++++++++++++++++++++++++++++++++
[   15.618115] cloud-init[669]: ci-info: +--------+------+----------------------------+---------------+--------+-------------------+
[   15.619148] cloud-init[669]: ci-info: | Device |  Up  |          Address           |      Mask     | Scope  |     Hw-Address    |
[   15.632274] cloud-init[669]: ci-info: +--------+------+----------------------------+---------------+--------+-------------------+
[   15.644337] cloud-init[669]: ci-info: | enp0s3 | True |         10.0.2.15          | 255.255.255.0 | global | 02:77:ed:63:d5:e3 |
[   15.656334] cloud-init[669]: ci-info: | enp0s3 | True | fe80::77:edff:fe63:d5e3/64 |       .       |  link  | 02:77:ed:63:d5:e3 |
[   15.658725] cloud-init[669]: ci-info: |   lo   | True |         127.0.0.1          |   255.0.0.0   |  host  |         .         |
[   15.659894] cloud-init[669]: ci-info: |   lo   | True |          ::1/128           |       .       |  host  |         .         |
[   15.672279] cloud-init[669]: ci-info: +--------+------+----------------------------+---------------+--------+-------------------+
[   15.674802] cloud-init[669]: ci-info: ++++++++++++++++++++++++++++Route IPv4 info+++++++++++++++++++++++++++++
[   15.677152] cloud-init[669]: ci-info: +-------+-------------+----------+-----------------+-----------+-------+
[   15.679124] cloud-init[669]: ci-info: | Route | Destination | Gateway  |     Genmask     | Interface | Flags |
[   15.681285] cloud-init[669]: ci-info: +-------+-------------+----------+-----------------+-----------+-------+
[   15.683563] cloud-init[669]: ci-info: |   0   |   0.0.0.0   | 10.0.2.2 |     0.0.0.0     |   enp0s3  |   UG  |
[   15.687483] cloud-init[669]: ci-info: |   1   |   10.0.2.0  | 0.0.0.0  |  255.255.255.0  |   enp0s3  |   U   |
[   15.700412] cloud-init[669]: ci-info: |   2   |   10.0.2.2  | 0.0.0.0  | 255.255.255.255 |   enp0s3  |   UH  |
[   15.712334] cloud-init[669]: ci-info: +-------+-------------+----------+-----------------+-----------+-------+
[   15.713481] cloud-init[669]: ci-info: +++++++++++++++++++Route IPv6 info+++++++++++++++++++
[   15.715281] cloud-init[669]: ci-info: +-------+-------------+---------+-----------+-------+
[   15.728268] cloud-init[669]: ci-info: | Route | Destination | Gateway | Interface | Flags |
[   15.740513] cloud-init[669]: ci-info: +-------+-------------+---------+-----------+-------+
[   15.752287] cloud-init[669]: ci-info: |   1   |  fe80::/64  |    ::   |   enp0s3  |   U   |
[   15.753768] cloud-init[669]: ci-info: |   3   |    local    |    ::   |   enp0s3  |   U   |
[   15.754768] cloud-init[669]: ci-info: |   4   |   ff00::/8  |    ::   |   enp0s3  |   U   |
[   15.755862] cloud-init[669]: ci-info: +-------+-------------+---------+-----------+-------+
[[0;32m  OK  [0m] Started Initial cloud-init job (metadata service crawler).
[[0;32m  OK  [0m] Reached target System Initialization.
[[0;32m  OK  [0m] Started Trigger to poll for Ubuntu …(Only enabled on GCP LTS non-pro).
[[0;32m  OK  [0m] Started Ubuntu Advantage Timer for running repeated jobs.
[[0;32m  OK  [0m] Started Discard unused blocks once a week.
[[0;32m  OK  [0m] Started Message of the Day.
[[0;32m  OK  [0m] Listening on ACPID Listen Socket.
[[0;32m  OK  [0m] Started ACPI Events Check.
[[0;32m  OK  [0m] Listening on cloud-init hotplug hook socket.
[[0;32m  OK  [0m] Started Daily apt upgrade and clean activities.
         Starting LXD - unix socket.
[[0;32m  OK  [0m] Listening on D-Bus System Message Bus Socket.
[[0;32m  OK  [0m] Listening on Open-iSCSI iscsid Socket.
[[0;32m  OK  [0m] Reached target Paths.
[[0;32m  OK  [0m] Started Daily Cleanup of Temporary Directories.
         Starting Socket activation for snappy daemon.
[[0;32m  OK  [0m] Reached target Timers.
[[0;32m  OK  [0m] Listening on UUID daemon activation socket.
[[0;32m  OK  [0m] Reached target Network is Online.
[[0;32m  OK  [0m] Reached target Remote File Systems (Pre).
         Mounting /vagrant...
         Starting Availability of block devices...
[[0;32m  OK  [0m] Reached target Cloud-config availability.
[[0;32m  OK  [0m] Listening on LXD - unix socket.
[[0;32m  OK  [0m] Listening on Socket activation for snappy daemon.
[[0;32m  OK  [0m] Reached target Sockets.
[[0;32m  OK  [0m] Reached target Basic System.
[[0;32m  OK  [0m] Started D-Bus System Message Bus.
[[0;32m  OK  [0m] Started irqbalance daemon.
         Starting Login Service...
         Starting Message of the Day...
         Starting Virtualbox guest utils...
[[0;32m  OK  [0m] Started FUSE filesystem for LXC.
         Starting Dispatcher daemon for systemd-networkd...
         Starting System Logging Service...
         Starting OpenBSD Secure Shell server...
[[0;32m  OK  [0m] Started Regular background program processing daemon.
         Starting LSB: Record successful boot for GRUB...
         Starting Snap Daemon...
[[0;32m  OK  [0m] Started Deferred execution scheduler.
         Starting Accounts Service...
         Starting LXD - container startup/shutdown...
[[0;32m  OK  [0m] Mounted /vagrant.
[[0;32m  OK  [0m] Started Availability of block devices.
[[0;32m  OK  [0m] Started Login Service.
[[0;32m  OK  [0m] Started Unattended Upgrades Shutdown.
[[0;32m  OK  [0m] Reached target Remote File Systems.
         Starting Permit User Sessions...
         Starting LSB: automatic crash report generation...
[[0;32m  OK  [0m] Started Permit User Sessions.
         Starting Terminate Plymouth Boot Screen...
         Starting Hold until boot process finishes up...
[[0;32m  OK  [0m] Started Hold until boot process finishes up.
         Starting Set console scheme...
[[0;32m  OK  [0m] Started Serial Getty on ttyS0.
[[0;32m  OK  [0m] Started Terminate Plymouth Boot Screen.
[[0;32m  OK  [0m] Started System Logging Service.
[[0;32m  OK  [0m] Started Set console scheme.
[[0;32m  OK  [0m] Created slice system-getty.slice.
[[0;32m  OK  [0m] Started Getty on tty1.
[[0;32m  OK  [0m] Reached target Login Prompts.
         Starting Authorization Manager...
[[0;32m  OK  [0m] Started OpenBSD Secure Shell server.
[[0;32m  OK  [0m] Started LSB: automatic crash report generation.
[[0;32m  OK  [0m] Started Virtualbox guest utils.
[[0;32m  OK  [0m] Started LSB: Record successful boot for GRUB.
[[0;32m  OK  [0m] Started LXD - container startup/shutdown.
[[0;32m  OK  [0m] Started Authorization Manager.
[[0;32m  OK  [0m] Started Accounts Service.
[[0;32m  OK  [0m] Started Dispatcher daemon for systemd-networkd.
[[0;32m  OK  [0m] Started Snap Daemon.
         Starting Wait until snapd is fully seeded...
         Starting Time & Date Service...
[[0;32m  OK  [0m] Started Time & Date Service.
[[0;32m  OK  [0m] Started Wait until snapd is fully seeded.
         Starting Apply the settings specified in cloud-config...
[[0;32m  OK  [0m] Reached target Multi-User System.
[[0;32m  OK  [0m] Reached target Graphical Interface.
         Starting Update UTMP about System Runlevel Changes...
[[0;32m  OK  [0m] Started Update UTMP about System Runlevel Changes.
[   18.415529] cloud-init[1068]: Cloud-init v. 22.2-0ubuntu1~18.04.2 running 'modules:config' at Sat, 09 Jul 2022 15:04:43 +0000. Up 18.23 seconds.
[[0;32m  OK  [0m] Started Apply the settings specified in cloud-config.
         Starting Execute cloud user/final scripts...
[[0;32m  OK  [0m] Created slice User Slice of vagrant.
         Starting User Manager for UID 1000...
[[0;32m  OK  [0m] Started Session 1 of user vagrant.
[[0;32m  OK  [0m] Started User Manager for UID 1000.
[[0;32m  OK  [0m] Started Message of the Day.
[   19.523296] cloud-init[1115]: Cloud-init v. 22.2-0ubuntu1~18.04.2 running 'modules:final' at Sat, 09 Jul 2022 15:04:44 +0000. Up 19.33 seconds.
[   19.525140] cloud-init[1115]: Cloud-init v. 22.2-0ubuntu1~18.04.2 finished at Sat, 09 Jul 2022 15:04:44 +0000. Datasource DataSourceNoCloud [seed=/dev/sdb][dsmode=net].  Up 19.51 seconds
[[0;32m  OK  [0m] Started Execute cloud user/final scripts.
[[0;32m  OK  [0m] Reached target Cloud-init target.

Ubuntu 18.04.6 LTS ubuntu-bionic ttyS0

ubuntu-bionic login: 